<?xml version="1.0" encoding="UTF-8"?>
<!-- Generated by org.testng.reporters.JUnitReportReporter -->
<testsuite hostname="DEEPAK-PC" failures="0" tests="1" name="inventoryTests.AddProductToCartTest" time="5.991" errors="0" timestamp="2025-06-24T21:56:26 IST" skipped="0">
  <testcase classname="inventoryTests.AddProductToCartTest" name="tc_001_AddProductToCartTest" time="5.991"/>
  <system-out/>
</testsuite> <!-- inventoryTests.AddProductToCartTest -->
